<?xml version="1.0" encoding="UTF-8"?>
<testsuite name="Tests" tests="1" skipped="0" failures="0" errors="0" timestamp="2022-03-10T06:01:59" hostname="LAPTOP-1BAJ0QI1" time="0.577">
  <properties/>
  <testcase name="start" classname="Tests" time="0.577"/>
  <system-out><![CDATA[?[1;31m
Start test 1?[0m
Player 1, place your ships on the game field
  1 2 3 4 5 6 7 8 9 10
A ~ ~ ~ ~ ~ ~ ~ ~ ~ ~
B ~ ~ ~ ~ ~ ~ ~ ~ ~ ~
C ~ ~ ~ ~ ~ ~ ~ ~ ~ ~
D ~ ~ ~ ~ ~ ~ ~ ~ ~ ~
E ~ ~ ~ ~ ~ ~ ~ ~ ~ ~
F ~ ~ ~ ~ ~ ~ ~ ~ ~ ~
G ~ ~ ~ ~ ~ ~ ~ ~ ~ ~
H ~ ~ ~ ~ ~ ~ ~ ~ ~ ~
I ~ ~ ~ ~ ~ ~ ~ ~ ~ ~
J ~ ~ ~ ~ ~ ~ ~ ~ ~ ~
Enter the coordinates of the Aircraft Carrier (5 cells):
> F3 F7
  1 2 3 4 5 6 7 8 9 10
A ~ ~ ~ ~ ~ ~ ~ ~ ~ ~
B ~ ~ ~ ~ ~ ~ ~ ~ ~ ~
C ~ ~ ~ ~ ~ ~ ~ ~ ~ ~
D ~ ~ ~ ~ ~ ~ ~ ~ ~ ~
E ~ ~ ~ ~ ~ ~ ~ ~ ~ ~
F ~ ~ O O O O O ~ ~ ~
G ~ ~ ~ ~ ~ ~ ~ ~ ~ ~
H ~ ~ ~ ~ ~ ~ ~ ~ ~ ~
I ~ ~ ~ ~ ~ ~ ~ ~ ~ ~
J ~ ~ ~ ~ ~ ~ ~ ~ ~ ~
Enter the coordinates of the Battleship (4 cells):
> A1 D1
  1 2 3 4 5 6 7 8 9 10
A O ~ ~ ~ ~ ~ ~ ~ ~ ~
B O ~ ~ ~ ~ ~ ~ ~ ~ ~
C O ~ ~ ~ ~ ~ ~ ~ ~ ~
D O ~ ~ ~ ~ ~ ~ ~ ~ ~
E ~ ~ ~ ~ ~ ~ ~ ~ ~ ~
F ~ ~ O O O O O ~ ~ ~
G ~ ~ ~ ~ ~ ~ ~ ~ ~ ~
H ~ ~ ~ ~ ~ ~ ~ ~ ~ ~
I ~ ~ ~ ~ ~ ~ ~ ~ ~ ~
J ~ ~ ~ ~ ~ ~ ~ ~ ~ ~
Enter the coordinates of the Submarine (3 cells):
> J7 J10
Error! Wrong length of the Submarine! Try again:
Enter the coordinates of the Submarine (3 cells):
> J10 J8
  1 2 3 4 5 6 7 8 9 10
A O ~ ~ ~ ~ ~ ~ ~ ~ ~
B O ~ ~ ~ ~ ~ ~ ~ ~ ~
C O ~ ~ ~ ~ ~ ~ ~ ~ ~
D O ~ ~ ~ ~ ~ ~ ~ ~ ~
E ~ ~ ~ ~ ~ ~ ~ ~ ~ ~
F ~ ~ O O O O O ~ ~ ~
G ~ ~ ~ ~ ~ ~ ~ ~ ~ ~
H ~ ~ ~ ~ ~ ~ ~ ~ ~ ~
I ~ ~ ~ ~ ~ ~ ~ ~ ~ ~
J ~ ~ ~ ~ ~ ~ ~ O O O
Enter the coordinates of the Cruiser (3 cells):
> B9 D8
Error! Wrong ship location! Try again:
Enter the coordinates of the Cruiser (3 cells):
> B9 D9
  1 2 3 4 5 6 7 8 9 10
A O ~ ~ ~ ~ ~ ~ ~ ~ ~
B O ~ ~ ~ ~ ~ ~ ~ O ~
C O ~ ~ ~ ~ ~ ~ ~ O ~
D O ~ ~ ~ ~ ~ ~ ~ O ~
E ~ ~ ~ ~ ~ ~ ~ ~ ~ ~
F ~ ~ O O O O O ~ ~ ~
G ~ ~ ~ ~ ~ ~ ~ ~ ~ ~
H ~ ~ ~ ~ ~ ~ ~ ~ ~ ~
I ~ ~ ~ ~ ~ ~ ~ ~ ~ ~
J ~ ~ ~ ~ ~ ~ ~ O O O
Enter the coordinates of the Destroyer (2 cells):
> E6 D6
Error! You placed it too close to another one. Try again:
Enter the coordinates of the Destroyer (2 cells):
> I2 J2
  1 2 3 4 5 6 7 8 9 10
A O ~ ~ ~ ~ ~ ~ ~ ~ ~
B O ~ ~ ~ ~ ~ ~ ~ O ~
C O ~ ~ ~ ~ ~ ~ ~ O ~
D O ~ ~ ~ ~ ~ ~ ~ O ~
E ~ ~ ~ ~ ~ ~ ~ ~ ~ ~
F ~ ~ O O O O O ~ ~ ~
G ~ ~ ~ ~ ~ ~ ~ ~ ~ ~
H ~ ~ ~ ~ ~ ~ ~ ~ ~ ~
I ~ O ~ ~ ~ ~ ~ ~ ~ ~
J ~ O ~ ~ ~ ~ ~ O O O
Press Enter and pass the move to another player
...
> 
Player 2, place your ships on the game field
  1 2 3 4 5 6 7 8 9 10
A ~ ~ ~ ~ ~ ~ ~ ~ ~ ~
B ~ ~ ~ ~ ~ ~ ~ ~ ~ ~
C ~ ~ ~ ~ ~ ~ ~ ~ ~ ~
D ~ ~ ~ ~ ~ ~ ~ ~ ~ ~
E ~ ~ ~ ~ ~ ~ ~ ~ ~ ~
F ~ ~ ~ ~ ~ ~ ~ ~ ~ ~
G ~ ~ ~ ~ ~ ~ ~ ~ ~ ~
H ~ ~ ~ ~ ~ ~ ~ ~ ~ ~
I ~ ~ ~ ~ ~ ~ ~ ~ ~ ~
J ~ ~ ~ ~ ~ ~ ~ ~ ~ ~
Enter the coordinates of the Aircraft Carrier (5 cells):
> H2 H6
  1 2 3 4 5 6 7 8 9 10
A ~ ~ ~ ~ ~ ~ ~ ~ ~ ~
B ~ ~ ~ ~ ~ ~ ~ ~ ~ ~
C ~ ~ ~ ~ ~ ~ ~ ~ ~ ~
D ~ ~ ~ ~ ~ ~ ~ ~ ~ ~
E ~ ~ ~ ~ ~ ~ ~ ~ ~ ~
F ~ ~ ~ ~ ~ ~ ~ ~ ~ ~
G ~ ~ ~ ~ ~ ~ ~ ~ ~ ~
H ~ O O O O O ~ ~ ~ ~
I ~ ~ ~ ~ ~ ~ ~ ~ ~ ~
J ~ ~ ~ ~ ~ ~ ~ ~ ~ ~
Enter the coordinates of the Battleship (4 cells):
> F3 F6
  1 2 3 4 5 6 7 8 9 10
A ~ ~ ~ ~ ~ ~ ~ ~ ~ ~
B ~ ~ ~ ~ ~ ~ ~ ~ ~ ~
C ~ ~ ~ ~ ~ ~ ~ ~ ~ ~
D ~ ~ ~ ~ ~ ~ ~ ~ ~ ~
E ~ ~ ~ ~ ~ ~ ~ ~ ~ ~
F ~ ~ O O O O ~ ~ ~ ~
G ~ ~ ~ ~ ~ ~ ~ ~ ~ ~
H ~ O O O O O ~ ~ ~ ~
I ~ ~ ~ ~ ~ ~ ~ ~ ~ ~
J ~ ~ ~ ~ ~ ~ ~ ~ ~ ~
Enter the coordinates of the Submarine (3 cells):
> H8 F8
  1 2 3 4 5 6 7 8 9 10
A ~ ~ ~ ~ ~ ~ ~ ~ ~ ~
B ~ ~ ~ ~ ~ ~ ~ ~ ~ ~
C ~ ~ ~ ~ ~ ~ ~ ~ ~ ~
D ~ ~ ~ ~ ~ ~ ~ ~ ~ ~
E ~ ~ ~ ~ ~ ~ ~ ~ ~ ~
F ~ ~ O O O O ~ O ~ ~
G ~ ~ ~ ~ ~ ~ ~ O ~ ~
H ~ O O O O O ~ O ~ ~
I ~ ~ ~ ~ ~ ~ ~ ~ ~ ~
J ~ ~ ~ ~ ~ ~ ~ ~ ~ ~
Enter the coordinates of the Cruiser (3 cells):
> D4 D6
  1 2 3 4 5 6 7 8 9 10
A ~ ~ ~ ~ ~ ~ ~ ~ ~ ~
B ~ ~ ~ ~ ~ ~ ~ ~ ~ ~
C ~ ~ ~ ~ ~ ~ ~ ~ ~ ~
D ~ ~ ~ O O O ~ ~ ~ ~
E ~ ~ ~ ~ ~ ~ ~ ~ ~ ~
F ~ ~ O O O O ~ O ~ ~
G ~ ~ ~ ~ ~ ~ ~ O ~ ~
H ~ O O O O O ~ O ~ ~
I ~ ~ ~ ~ ~ ~ ~ ~ ~ ~
J ~ ~ ~ ~ ~ ~ ~ ~ ~ ~
Enter the coordinates of the Destroyer (2 cells):
> D8 C8
  1 2 3 4 5 6 7 8 9 10
A ~ ~ ~ ~ ~ ~ ~ ~ ~ ~
B ~ ~ ~ ~ ~ ~ ~ ~ ~ ~
C ~ ~ ~ ~ ~ ~ ~ O ~ ~
D ~ ~ ~ O O O ~ O ~ ~
E ~ ~ ~ ~ ~ ~ ~ ~ ~ ~
F ~ ~ O O O O ~ O ~ ~
G ~ ~ ~ ~ ~ ~ ~ O ~ ~
H ~ O O O O O ~ O ~ ~
I ~ ~ ~ ~ ~ ~ ~ ~ ~ ~
J ~ ~ ~ ~ ~ ~ ~ ~ ~ ~
Press Enter and pass the move to another player
...
> 
  1 2 3 4 5 6 7 8 9 10
A ~ ~ ~ ~ ~ ~ ~ ~ ~ ~
B ~ ~ ~ ~ ~ ~ ~ ~ ~ ~
C ~ ~ ~ ~ ~ ~ ~ ~ ~ ~
D ~ ~ ~ ~ ~ ~ ~ ~ ~ ~
E ~ ~ ~ ~ ~ ~ ~ ~ ~ ~
F ~ ~ ~ ~ ~ ~ ~ ~ ~ ~
G ~ ~ ~ ~ ~ ~ ~ ~ ~ ~
H ~ ~ ~ ~ ~ ~ ~ ~ ~ ~
I ~ ~ ~ ~ ~ ~ ~ ~ ~ ~
J ~ ~ ~ ~ ~ ~ ~ ~ ~ ~
---------------------
  1 2 3 4 5 6 7 8 9 10
A O ~ ~ ~ ~ ~ ~ ~ ~ ~
B O ~ ~ ~ ~ ~ ~ ~ O ~
C O ~ ~ ~ ~ ~ ~ ~ O ~
D O ~ ~ ~ ~ ~ ~ ~ O ~
E ~ ~ ~ ~ ~ ~ ~ ~ ~ ~
F ~ ~ O O O O O ~ ~ ~
G ~ ~ ~ ~ ~ ~ ~ ~ ~ ~
H ~ ~ ~ ~ ~ ~ ~ ~ ~ ~
I ~ O ~ ~ ~ ~ ~ ~ ~ ~
J ~ O ~ ~ ~ ~ ~ O O O
Player 1, it's your turn:
> I3
You missed.
Press Enter and pass the move to another player
...
> 
  1 2 3 4 5 6 7 8 9 10
A ~ ~ ~ ~ ~ ~ ~ ~ ~ ~
B ~ ~ ~ ~ ~ ~ ~ ~ ~ ~
C ~ ~ ~ ~ ~ ~ ~ ~ ~ ~
D ~ ~ ~ ~ ~ ~ ~ ~ ~ ~
E ~ ~ ~ ~ ~ ~ ~ ~ ~ ~
F ~ ~ ~ ~ ~ ~ ~ ~ ~ ~
G ~ ~ ~ ~ ~ ~ ~ ~ ~ ~
H ~ ~ ~ ~ ~ ~ ~ ~ ~ ~
I ~ ~ ~ ~ ~ ~ ~ ~ ~ ~
J ~ ~ ~ ~ ~ ~ ~ ~ ~ ~
---------------------
  1 2 3 4 5 6 7 8 9 10
A ~ ~ ~ ~ ~ ~ ~ ~ ~ ~
B ~ ~ ~ ~ ~ ~ ~ ~ ~ ~
C ~ ~ ~ ~ ~ ~ ~ O ~ ~
D ~ ~ ~ O O O ~ O ~ ~
E ~ ~ ~ ~ ~ ~ ~ ~ ~ ~
F ~ ~ O O O O ~ O ~ ~
G ~ ~ ~ ~ ~ ~ ~ O ~ ~
H ~ O O O O O ~ O ~ ~
I ~ ~ M ~ ~ ~ ~ ~ ~ ~
J ~ ~ ~ ~ ~ ~ ~ ~ ~ ~
Player 2, it's your turn:
> C9
You hit a ship!
Press Enter and pass the move to another player
...
> 
  1 2 3 4 5 6 7 8 9 10
A ~ ~ ~ ~ ~ ~ ~ ~ ~ ~
B ~ ~ ~ ~ ~ ~ ~ ~ ~ ~
C ~ ~ ~ ~ ~ ~ ~ ~ ~ ~
D ~ ~ ~ ~ ~ ~ ~ ~ ~ ~
E ~ ~ ~ ~ ~ ~ ~ ~ ~ ~
F ~ ~ ~ ~ ~ ~ ~ ~ ~ ~
G ~ ~ ~ ~ ~ ~ ~ ~ ~ ~
H ~ ~ ~ ~ ~ ~ ~ ~ ~ ~
I ~ ~ ~ ~ ~ ~ ~ ~ ~ ~
J ~ ~ ~ ~ ~ ~ ~ ~ ~ ~
---------------------
  1 2 3 4 5 6 7 8 9 10
A O ~ ~ ~ ~ ~ ~ ~ ~ ~
B O ~ ~ ~ ~ ~ ~ ~ O ~
C O ~ ~ ~ ~ ~ ~ ~ X ~
D O ~ ~ ~ ~ ~ ~ ~ O ~
E ~ ~ ~ ~ ~ ~ ~ ~ ~ ~
F ~ ~ O O O O O ~ ~ ~
G ~ ~ ~ ~ ~ ~ ~ ~ ~ ~
H ~ ~ ~ ~ ~ ~ ~ ~ ~ ~
I ~ O ~ ~ ~ ~ ~ ~ ~ ~
J ~ O ~ ~ ~ ~ ~ O O O
Player 1, it's your turn:
> D4
You hit a ship!
Press Enter and pass the move to another player
...
> 
  1 2 3 4 5 6 7 8 9 10
A ~ ~ ~ ~ ~ ~ ~ ~ ~ ~
B ~ ~ ~ ~ ~ ~ ~ ~ ~ ~
C ~ ~ ~ ~ ~ ~ ~ ~ ~ ~
D ~ ~ ~ ~ ~ ~ ~ ~ ~ ~
E ~ ~ ~ ~ ~ ~ ~ ~ ~ ~
F ~ ~ ~ ~ ~ ~ ~ ~ ~ ~
G ~ ~ ~ ~ ~ ~ ~ ~ ~ ~
H ~ ~ ~ ~ ~ ~ ~ ~ ~ ~
I ~ ~ ~ ~ ~ ~ ~ ~ ~ ~
J ~ ~ ~ ~ ~ ~ ~ ~ ~ ~
---------------------
  1 2 3 4 5 6 7 8 9 10
A ~ ~ ~ ~ ~ ~ ~ ~ ~ ~
B ~ ~ ~ ~ ~ ~ ~ ~ ~ ~
C ~ ~ ~ ~ ~ ~ ~ O ~ ~
D ~ ~ ~ X O O ~ O ~ ~
E ~ ~ ~ ~ ~ ~ ~ ~ ~ ~
F ~ ~ O O O O ~ O ~ ~
G ~ ~ ~ ~ ~ ~ ~ O ~ ~
H ~ O O O O O ~ O ~ ~
I ~ ~ M ~ ~ ~ ~ ~ ~ ~
J ~ ~ ~ ~ ~ ~ ~ ~ ~ ~
Player 2, it's your turn:
> A1
You hit a ship!
Press Enter and pass the move to another player
...
> 
  1 2 3 4 5 6 7 8 9 10
A ~ ~ ~ ~ ~ ~ ~ ~ ~ ~
B ~ ~ ~ ~ ~ ~ ~ ~ ~ ~
C ~ ~ ~ ~ ~ ~ ~ ~ ~ ~
D ~ ~ ~ ~ ~ ~ ~ ~ ~ ~
E ~ ~ ~ ~ ~ ~ ~ ~ ~ ~
F ~ ~ ~ ~ ~ ~ ~ ~ ~ ~
G ~ ~ ~ ~ ~ ~ ~ ~ ~ ~
H ~ ~ ~ ~ ~ ~ ~ ~ ~ ~
I ~ ~ ~ ~ ~ ~ ~ ~ ~ ~
J ~ ~ ~ ~ ~ ~ ~ ~ ~ ~
---------------------
  1 2 3 4 5 6 7 8 9 10
A X ~ ~ ~ ~ ~ ~ ~ ~ ~
B O ~ ~ ~ ~ ~ ~ ~ O ~
C O ~ ~ ~ ~ ~ ~ ~ X ~
D O ~ ~ ~ ~ ~ ~ ~ O ~
E ~ ~ ~ ~ ~ ~ ~ ~ ~ ~
F ~ ~ O O O O O ~ ~ ~
G ~ ~ ~ ~ ~ ~ ~ ~ ~ ~
H ~ ~ ~ ~ ~ ~ ~ ~ ~ ~
I ~ O ~ ~ ~ ~ ~ ~ ~ ~
J ~ O ~ ~ ~ ~ ~ O O O
Player 1, it's your turn:
> D5
You hit a ship!
Press Enter and pass the move to another player
...
> 
  1 2 3 4 5 6 7 8 9 10
A ~ ~ ~ ~ ~ ~ ~ ~ ~ ~
B ~ ~ ~ ~ ~ ~ ~ ~ ~ ~
C ~ ~ ~ ~ ~ ~ ~ ~ ~ ~
D ~ ~ ~ ~ ~ ~ ~ ~ ~ ~
E ~ ~ ~ ~ ~ ~ ~ ~ ~ ~
F ~ ~ ~ ~ ~ ~ ~ ~ ~ ~
G ~ ~ ~ ~ ~ ~ ~ ~ ~ ~
H ~ ~ ~ ~ ~ ~ ~ ~ ~ ~
I ~ ~ ~ ~ ~ ~ ~ ~ ~ ~
J ~ ~ ~ ~ ~ ~ ~ ~ ~ ~
---------------------
  1 2 3 4 5 6 7 8 9 10
A ~ ~ ~ ~ ~ ~ ~ ~ ~ ~
B ~ ~ ~ ~ ~ ~ ~ ~ ~ ~
C ~ ~ ~ ~ ~ ~ ~ O ~ ~
D ~ ~ ~ X X O ~ O ~ ~
E ~ ~ ~ ~ ~ ~ ~ ~ ~ ~
F ~ ~ O O O O ~ O ~ ~
G ~ ~ ~ ~ ~ ~ ~ O ~ ~
H ~ O O O O O ~ O ~ ~
I ~ ~ M ~ ~ ~ ~ ~ ~ ~
J ~ ~ ~ ~ ~ ~ ~ ~ ~ ~
Player 2, it's your turn:
> B1
You hit a ship!
Press Enter and pass the move to another player
...
> 
  1 2 3 4 5 6 7 8 9 10
A ~ ~ ~ ~ ~ ~ ~ ~ ~ ~
B ~ ~ ~ ~ ~ ~ ~ ~ ~ ~
C ~ ~ ~ ~ ~ ~ ~ ~ ~ ~
D ~ ~ ~ ~ ~ ~ ~ ~ ~ ~
E ~ ~ ~ ~ ~ ~ ~ ~ ~ ~
F ~ ~ ~ ~ ~ ~ ~ ~ ~ ~
G ~ ~ ~ ~ ~ ~ ~ ~ ~ ~
H ~ ~ ~ ~ ~ ~ ~ ~ ~ ~
I ~ ~ ~ ~ ~ ~ ~ ~ ~ ~
J ~ ~ ~ ~ ~ ~ ~ ~ ~ ~
---------------------
  1 2 3 4 5 6 7 8 9 10
A X ~ ~ ~ ~ ~ ~ ~ ~ ~
B X ~ ~ ~ ~ ~ ~ ~ O ~
C O ~ ~ ~ ~ ~ ~ ~ X ~
D O ~ ~ ~ ~ ~ ~ ~ O ~
E ~ ~ ~ ~ ~ ~ ~ ~ ~ ~
F ~ ~ O O O O O ~ ~ ~
G ~ ~ ~ ~ ~ ~ ~ ~ ~ ~
H ~ ~ ~ ~ ~ ~ ~ ~ ~ ~
I ~ O ~ ~ ~ ~ ~ ~ ~ ~
J ~ O ~ ~ ~ ~ ~ O O O
Player 1, it's your turn:
> D6
You sank a ship!
Press Enter and pass the move to another player
...
> 
  1 2 3 4 5 6 7 8 9 10
A ~ ~ ~ ~ ~ ~ ~ ~ ~ ~
B ~ ~ ~ ~ ~ ~ ~ ~ ~ ~
C ~ ~ ~ ~ ~ ~ ~ ~ ~ ~
D ~ ~ ~ ~ ~ ~ ~ ~ ~ ~
E ~ ~ ~ ~ ~ ~ ~ ~ ~ ~
F ~ ~ ~ ~ ~ ~ ~ ~ ~ ~
G ~ ~ ~ ~ ~ ~ ~ ~ ~ ~
H ~ ~ ~ ~ ~ ~ ~ ~ ~ ~
I ~ ~ ~ ~ ~ ~ ~ ~ ~ ~
J ~ ~ ~ ~ ~ ~ ~ ~ ~ ~
---------------------
  1 2 3 4 5 6 7 8 9 10
A ~ ~ ~ ~ ~ ~ ~ ~ ~ ~
B ~ ~ ~ ~ ~ ~ ~ ~ ~ ~
C ~ ~ ~ ~ ~ ~ ~ O ~ ~
D ~ ~ ~ X X X ~ O ~ ~
E ~ ~ ~ ~ ~ ~ ~ ~ ~ ~
F ~ ~ O O O O ~ O ~ ~
G ~ ~ ~ ~ ~ ~ ~ O ~ ~
H ~ O O O O O ~ O ~ ~
I ~ ~ M ~ ~ ~ ~ ~ ~ ~
J ~ ~ ~ ~ ~ ~ ~ ~ ~ ~
Player 2, it's your turn:
> C1
You hit a ship!
Press Enter and pass the move to another player
...
> 
  1 2 3 4 5 6 7 8 9 10
A ~ ~ ~ ~ ~ ~ ~ ~ ~ ~
B ~ ~ ~ ~ ~ ~ ~ ~ ~ ~
C ~ ~ ~ ~ ~ ~ ~ ~ ~ ~
D ~ ~ ~ ~ ~ ~ ~ ~ ~ ~
E ~ ~ ~ ~ ~ ~ ~ ~ ~ ~
F ~ ~ ~ ~ ~ ~ ~ ~ ~ ~
G ~ ~ ~ ~ ~ ~ ~ ~ ~ ~
H ~ ~ ~ ~ ~ ~ ~ ~ ~ ~
I ~ ~ ~ ~ ~ ~ ~ ~ ~ ~
J ~ ~ ~ ~ ~ ~ ~ ~ ~ ~
---------------------
  1 2 3 4 5 6 7 8 9 10
A X ~ ~ ~ ~ ~ ~ ~ ~ ~
B X ~ ~ ~ ~ ~ ~ ~ O ~
C X ~ ~ ~ ~ ~ ~ ~ X ~
D O ~ ~ ~ ~ ~ ~ ~ O ~
E ~ ~ ~ ~ ~ ~ ~ ~ ~ ~
F ~ ~ O O O O O ~ ~ ~
G ~ ~ ~ ~ ~ ~ ~ ~ ~ ~
H ~ ~ ~ ~ ~ ~ ~ ~ ~ ~
I ~ O ~ ~ ~ ~ ~ ~ ~ ~
J ~ O ~ ~ ~ ~ ~ O O O
Player 1, it's your turn:
> C8
You hit a ship!
Press Enter and pass the move to another player
...
> 
  1 2 3 4 5 6 7 8 9 10
A ~ ~ ~ ~ ~ ~ ~ ~ ~ ~
B ~ ~ ~ ~ ~ ~ ~ ~ ~ ~
C ~ ~ ~ ~ ~ ~ ~ ~ ~ ~
D ~ ~ ~ ~ ~ ~ ~ ~ ~ ~
E ~ ~ ~ ~ ~ ~ ~ ~ ~ ~
F ~ ~ ~ ~ ~ ~ ~ ~ ~ ~
G ~ ~ ~ ~ ~ ~ ~ ~ ~ ~
H ~ ~ ~ ~ ~ ~ ~ ~ ~ ~
I ~ ~ ~ ~ ~ ~ ~ ~ ~ ~
J ~ ~ ~ ~ ~ ~ ~ ~ ~ ~
---------------------
  1 2 3 4 5 6 7 8 9 10
A ~ ~ ~ ~ ~ ~ ~ ~ ~ ~
B ~ ~ ~ ~ ~ ~ ~ ~ ~ ~
C ~ ~ ~ ~ ~ ~ ~ X ~ ~
D ~ ~ ~ X X X ~ O ~ ~
E ~ ~ ~ ~ ~ ~ ~ ~ ~ ~
F ~ ~ O O O O ~ O ~ ~
G ~ ~ ~ ~ ~ ~ ~ O ~ ~
H ~ O O O O O ~ O ~ ~
I ~ ~ M ~ ~ ~ ~ ~ ~ ~
J ~ ~ ~ ~ ~ ~ ~ ~ ~ ~
Player 2, it's your turn:
> D1
You sank a ship!
Press Enter and pass the move to another player
...
> 
  1 2 3 4 5 6 7 8 9 10
A ~ ~ ~ ~ ~ ~ ~ ~ ~ ~
B ~ ~ ~ ~ ~ ~ ~ ~ ~ ~
C ~ ~ ~ ~ ~ ~ ~ ~ ~ ~
D ~ ~ ~ ~ ~ ~ ~ ~ ~ ~
E ~ ~ ~ ~ ~ ~ ~ ~ ~ ~
F ~ ~ ~ ~ ~ ~ ~ ~ ~ ~
G ~ ~ ~ ~ ~ ~ ~ ~ ~ ~
H ~ ~ ~ ~ ~ ~ ~ ~ ~ ~
I ~ ~ ~ ~ ~ ~ ~ ~ ~ ~
J ~ ~ ~ ~ ~ ~ ~ ~ ~ ~
---------------------
  1 2 3 4 5 6 7 8 9 10
A X ~ ~ ~ ~ ~ ~ ~ ~ ~
B X ~ ~ ~ ~ ~ ~ ~ O ~
C X ~ ~ ~ ~ ~ ~ ~ X ~
D X ~ ~ ~ ~ ~ ~ ~ O ~
E ~ ~ ~ ~ ~ ~ ~ ~ ~ ~
F ~ ~ O O O O O ~ ~ ~
G ~ ~ ~ ~ ~ ~ ~ ~ ~ ~
H ~ ~ ~ ~ ~ ~ ~ ~ ~ ~
I ~ O ~ ~ ~ ~ ~ ~ ~ ~
J ~ O ~ ~ ~ ~ ~ O O O
Player 1, it's your turn:
> D8
You sank a ship!
Press Enter and pass the move to another player
...
> 
  1 2 3 4 5 6 7 8 9 10
A ~ ~ ~ ~ ~ ~ ~ ~ ~ ~
B ~ ~ ~ ~ ~ ~ ~ ~ ~ ~
C ~ ~ ~ ~ ~ ~ ~ ~ ~ ~
D ~ ~ ~ ~ ~ ~ ~ ~ ~ ~
E ~ ~ ~ ~ ~ ~ ~ ~ ~ ~
F ~ ~ ~ ~ ~ ~ ~ ~ ~ ~
G ~ ~ ~ ~ ~ ~ ~ ~ ~ ~
H ~ ~ ~ ~ ~ ~ ~ ~ ~ ~
I ~ ~ ~ ~ ~ ~ ~ ~ ~ ~
J ~ ~ ~ ~ ~ ~ ~ ~ ~ ~
---------------------
  1 2 3 4 5 6 7 8 9 10
A ~ ~ ~ ~ ~ ~ ~ ~ ~ ~
B ~ ~ ~ ~ ~ ~ ~ ~ ~ ~
C ~ ~ ~ ~ ~ ~ ~ X ~ ~
D ~ ~ ~ X X X ~ X ~ ~
E ~ ~ ~ ~ ~ ~ ~ ~ ~ ~
F ~ ~ O O O O ~ O ~ ~
G ~ ~ ~ ~ ~ ~ ~ O ~ ~
H ~ O O O O O ~ O ~ ~
I ~ ~ M ~ ~ ~ ~ ~ ~ ~
J ~ ~ ~ ~ ~ ~ ~ ~ ~ ~
Player 2, it's your turn:
> B9
You sank a ship!
Press Enter and pass the move to another player
...
> 
  1 2 3 4 5 6 7 8 9 10
A ~ ~ ~ ~ ~ ~ ~ ~ ~ ~
B ~ ~ ~ ~ ~ ~ ~ ~ ~ ~
C ~ ~ ~ ~ ~ ~ ~ ~ ~ ~
D ~ ~ ~ ~ ~ ~ ~ ~ ~ ~
E ~ ~ ~ ~ ~ ~ ~ ~ ~ ~
F ~ ~ ~ ~ ~ ~ ~ ~ ~ ~
G ~ ~ ~ ~ ~ ~ ~ ~ ~ ~
H ~ ~ ~ ~ ~ ~ ~ ~ ~ ~
I ~ ~ ~ ~ ~ ~ ~ ~ ~ ~
J ~ ~ ~ ~ ~ ~ ~ ~ ~ ~
---------------------
  1 2 3 4 5 6 7 8 9 10
A X ~ ~ ~ ~ ~ ~ ~ ~ ~
B X ~ ~ ~ ~ ~ ~ ~ X ~
C X ~ ~ ~ ~ ~ ~ ~ X ~
D X ~ ~ ~ ~ ~ ~ ~ O ~
E ~ ~ ~ ~ ~ ~ ~ ~ ~ ~
F ~ ~ O O O O O ~ ~ ~
G ~ ~ ~ ~ ~ ~ ~ ~ ~ ~
H ~ ~ ~ ~ ~ ~ ~ ~ ~ ~
I ~ O ~ ~ ~ ~ ~ ~ ~ ~
J ~ O ~ ~ ~ ~ ~ O O O
Player 1, it's your turn:
> F3
You hit a ship!
Press Enter and pass the move to another player
...
> 
  1 2 3 4 5 6 7 8 9 10
A ~ ~ ~ ~ ~ ~ ~ ~ ~ ~
B ~ ~ ~ ~ ~ ~ ~ ~ ~ ~
C ~ ~ ~ ~ ~ ~ ~ ~ ~ ~
D ~ ~ ~ ~ ~ ~ ~ ~ ~ ~
E ~ ~ ~ ~ ~ ~ ~ ~ ~ ~
F ~ ~ ~ ~ ~ ~ ~ ~ ~ ~
G ~ ~ ~ ~ ~ ~ ~ ~ ~ ~
H ~ ~ ~ ~ ~ ~ ~ ~ ~ ~
I ~ ~ ~ ~ ~ ~ ~ ~ ~ ~
J ~ ~ ~ ~ ~ ~ ~ ~ ~ ~
---------------------
  1 2 3 4 5 6 7 8 9 10
A ~ ~ ~ ~ ~ ~ ~ ~ ~ ~
B ~ ~ ~ ~ ~ ~ ~ ~ ~ ~
C ~ ~ ~ ~ ~ ~ ~ X ~ ~
D ~ ~ ~ X X X ~ X ~ ~
E ~ ~ ~ ~ ~ ~ ~ ~ ~ ~
F ~ ~ X O O O ~ O ~ ~
G ~ ~ ~ ~ ~ ~ ~ O ~ ~
H ~ O O O O O ~ O ~ ~
I ~ ~ M ~ ~ ~ ~ ~ ~ ~
J ~ ~ ~ ~ ~ ~ ~ ~ ~ ~
Player 2, it's your turn:
> C9
  1 2 3 4 5 6 7 8 9 10
A ~ ~ ~ ~ ~ ~ ~ ~ ~ ~
B ~ ~ ~ ~ ~ ~ ~ ~ ~ ~
C ~ ~ ~ ~ ~ ~ ~ ~ ~ ~
D ~ ~ ~ ~ ~ ~ ~ ~ ~ ~
E ~ ~ ~ ~ ~ ~ ~ ~ ~ ~
F ~ ~ ~ ~ ~ ~ ~ ~ ~ ~
G ~ ~ ~ ~ ~ ~ ~ ~ ~ ~
H ~ ~ ~ ~ ~ ~ ~ ~ ~ ~
I ~ ~ ~ ~ ~ ~ ~ ~ ~ ~
J ~ ~ ~ ~ ~ ~ ~ ~ ~ ~
---------------------
  1 2 3 4 5 6 7 8 9 10
A ~ ~ ~ ~ ~ ~ ~ ~ ~ ~
B ~ ~ ~ ~ ~ ~ ~ ~ ~ ~
C ~ ~ ~ ~ ~ ~ ~ X ~ ~
D ~ ~ ~ X X X ~ X ~ ~
E ~ ~ ~ ~ ~ ~ ~ ~ ~ ~
F ~ ~ X O O O ~ O ~ ~
G ~ ~ ~ ~ ~ ~ ~ O ~ ~
H ~ O O O O O ~ O ~ ~
I ~ ~ M ~ ~ ~ ~ ~ ~ ~
J ~ ~ ~ ~ ~ ~ ~ ~ ~ ~
Player 2, it's your turn:
> 
> F4
You hit a ship!
Press Enter and pass the move to another player
...
> 
  1 2 3 4 5 6 7 8 9 10
A ~ ~ ~ ~ ~ ~ ~ ~ ~ ~
B ~ ~ ~ ~ ~ ~ ~ ~ ~ ~
C ~ ~ ~ ~ ~ ~ ~ ~ ~ ~
D ~ ~ ~ ~ ~ ~ ~ ~ ~ ~
E ~ ~ ~ ~ ~ ~ ~ ~ ~ ~
F ~ ~ ~ ~ ~ ~ ~ ~ ~ ~
G ~ ~ ~ ~ ~ ~ ~ ~ ~ ~
H ~ ~ ~ ~ ~ ~ ~ ~ ~ ~
I ~ ~ ~ ~ ~ ~ ~ ~ ~ ~
J ~ ~ ~ ~ ~ ~ ~ ~ ~ ~
---------------------
  1 2 3 4 5 6 7 8 9 10
A X ~ ~ ~ ~ ~ ~ ~ ~ ~
B X ~ ~ ~ ~ ~ ~ ~ X ~
C X ~ ~ ~ ~ ~ ~ ~ X ~
D X ~ ~ ~ ~ ~ ~ ~ O ~
E ~ ~ ~ ~ ~ ~ ~ ~ ~ ~
F ~ ~ O X O O O ~ ~ ~
G ~ ~ ~ ~ ~ ~ ~ ~ ~ ~
H ~ ~ ~ ~ ~ ~ ~ ~ ~ ~
I ~ O ~ ~ ~ ~ ~ ~ ~ ~
J ~ O ~ ~ ~ ~ ~ O O O
Player 1, it's your turn:
> D9
You missed.
Press Enter and pass the move to another player
...
> 
  1 2 3 4 5 6 7 8 9 10
A ~ ~ ~ ~ ~ ~ ~ ~ ~ ~
B ~ ~ ~ ~ ~ ~ ~ ~ ~ ~
C ~ ~ ~ ~ ~ ~ ~ ~ ~ ~
D ~ ~ ~ ~ ~ ~ ~ ~ ~ ~
E ~ ~ ~ ~ ~ ~ ~ ~ ~ ~
F ~ ~ ~ ~ ~ ~ ~ ~ ~ ~
G ~ ~ ~ ~ ~ ~ ~ ~ ~ ~
H ~ ~ ~ ~ ~ ~ ~ ~ ~ ~
I ~ ~ ~ ~ ~ ~ ~ ~ ~ ~
J ~ ~ ~ ~ ~ ~ ~ ~ ~ ~
---------------------
  1 2 3 4 5 6 7 8 9 10
A ~ ~ ~ ~ ~ ~ ~ ~ ~ ~
B ~ ~ ~ ~ ~ ~ ~ ~ ~ ~
C ~ ~ ~ ~ ~ ~ ~ X ~ ~
D ~ ~ ~ X X X ~ X M ~
E ~ ~ ~ ~ ~ ~ ~ ~ ~ ~
F ~ ~ X O O O ~ O ~ ~
G ~ ~ ~ ~ ~ ~ ~ O ~ ~
H ~ O O O O O ~ O ~ ~
I ~ ~ M ~ ~ ~ ~ ~ ~ ~
J ~ ~ ~ ~ ~ ~ ~ ~ ~ ~
Player 2, it's your turn:
> F5
You hit a ship!
Press Enter and pass the move to another player
...
> 
  1 2 3 4 5 6 7 8 9 10
A ~ ~ ~ ~ ~ ~ ~ ~ ~ ~
B ~ ~ ~ ~ ~ ~ ~ ~ ~ ~
C ~ ~ ~ ~ ~ ~ ~ ~ ~ ~
D ~ ~ ~ ~ ~ ~ ~ ~ ~ ~
E ~ ~ ~ ~ ~ ~ ~ ~ ~ ~
F ~ ~ ~ ~ ~ ~ ~ ~ ~ ~
G ~ ~ ~ ~ ~ ~ ~ ~ ~ ~
H ~ ~ ~ ~ ~ ~ ~ ~ ~ ~
I ~ ~ ~ ~ ~ ~ ~ ~ ~ ~
J ~ ~ ~ ~ ~ ~ ~ ~ ~ ~
---------------------
  1 2 3 4 5 6 7 8 9 10
A X ~ ~ ~ ~ ~ ~ ~ ~ ~
B X ~ ~ ~ ~ ~ ~ ~ X ~
C X ~ ~ ~ ~ ~ ~ ~ X ~
D X ~ ~ ~ ~ ~ ~ ~ O ~
E ~ ~ ~ ~ ~ ~ ~ ~ ~ ~
F ~ ~ O X X O O ~ ~ ~
G ~ ~ ~ ~ ~ ~ ~ ~ ~ ~
H ~ ~ ~ ~ ~ ~ ~ ~ ~ ~
I ~ O ~ ~ ~ ~ ~ ~ ~ ~
J ~ O ~ ~ ~ ~ ~ O O O
Player 1, it's your turn:
> F3
  1 2 3 4 5 6 7 8 9 10
A ~ ~ ~ ~ ~ ~ ~ ~ ~ ~
B ~ ~ ~ ~ ~ ~ ~ ~ ~ ~
C ~ ~ ~ ~ ~ ~ ~ ~ ~ ~
D ~ ~ ~ ~ ~ ~ ~ ~ ~ ~
E ~ ~ ~ ~ ~ ~ ~ ~ ~ ~
F ~ ~ ~ ~ ~ ~ ~ ~ ~ ~
G ~ ~ ~ ~ ~ ~ ~ ~ ~ ~
H ~ ~ ~ ~ ~ ~ ~ ~ ~ ~
I ~ ~ ~ ~ ~ ~ ~ ~ ~ ~
J ~ ~ ~ ~ ~ ~ ~ ~ ~ ~
---------------------
  1 2 3 4 5 6 7 8 9 10
A X ~ ~ ~ ~ ~ ~ ~ ~ ~
B X ~ ~ ~ ~ ~ ~ ~ X ~
C X ~ ~ ~ ~ ~ ~ ~ X ~
D X ~ ~ ~ ~ ~ ~ ~ O ~
E ~ ~ ~ ~ ~ ~ ~ ~ ~ ~
F ~ ~ O X X O O ~ ~ ~
G ~ ~ ~ ~ ~ ~ ~ ~ ~ ~
H ~ ~ ~ ~ ~ ~ ~ ~ ~ ~
I ~ O ~ ~ ~ ~ ~ ~ ~ ~
J ~ O ~ ~ ~ ~ ~ O O O
Player 1, it's your turn:
> 
> F6
You hit a ship!
Press Enter and pass the move to another player
...
> 
  1 2 3 4 5 6 7 8 9 10
A ~ ~ ~ ~ ~ ~ ~ ~ ~ ~
B ~ ~ ~ ~ ~ ~ ~ ~ ~ ~
C ~ ~ ~ ~ ~ ~ ~ ~ ~ ~
D ~ ~ ~ ~ ~ ~ ~ ~ ~ ~
E ~ ~ ~ ~ ~ ~ ~ ~ ~ ~
F ~ ~ ~ ~ ~ ~ ~ ~ ~ ~
G ~ ~ ~ ~ ~ ~ ~ ~ ~ ~
H ~ ~ ~ ~ ~ ~ ~ ~ ~ ~
I ~ ~ ~ ~ ~ ~ ~ ~ ~ ~
J ~ ~ ~ ~ ~ ~ ~ ~ ~ ~
---------------------
  1 2 3 4 5 6 7 8 9 10
A ~ ~ ~ ~ ~ ~ ~ ~ ~ ~
B ~ ~ ~ ~ ~ ~ ~ ~ ~ ~
C ~ ~ ~ ~ ~ ~ ~ X ~ ~
D ~ ~ ~ X X X ~ X M ~
E ~ ~ ~ ~ ~ ~ ~ ~ ~ ~
F ~ ~ X O O X ~ O ~ ~
G ~ ~ ~ ~ ~ ~ ~ O ~ ~
H ~ O O O O O ~ O ~ ~
I ~ ~ M ~ ~ ~ ~ ~ ~ ~
J ~ ~ ~ ~ ~ ~ ~ ~ ~ ~
Player 2, it's your turn:
> F4
  1 2 3 4 5 6 7 8 9 10
A ~ ~ ~ ~ ~ ~ ~ ~ ~ ~
B ~ ~ ~ ~ ~ ~ ~ ~ ~ ~
C ~ ~ ~ ~ ~ ~ ~ ~ ~ ~
D ~ ~ ~ ~ ~ ~ ~ ~ ~ ~
E ~ ~ ~ ~ ~ ~ ~ ~ ~ ~
F ~ ~ ~ ~ ~ ~ ~ ~ ~ ~
G ~ ~ ~ ~ ~ ~ ~ ~ ~ ~
H ~ ~ ~ ~ ~ ~ ~ ~ ~ ~
I ~ ~ ~ ~ ~ ~ ~ ~ ~ ~
J ~ ~ ~ ~ ~ ~ ~ ~ ~ ~
---------------------
  1 2 3 4 5 6 7 8 9 10
A ~ ~ ~ ~ ~ ~ ~ ~ ~ ~
B ~ ~ ~ ~ ~ ~ ~ ~ ~ ~
C ~ ~ ~ ~ ~ ~ ~ X ~ ~
D ~ ~ ~ X X X ~ X M ~
E ~ ~ ~ ~ ~ ~ ~ ~ ~ ~
F ~ ~ X O O X ~ O ~ ~
G ~ ~ ~ ~ ~ ~ ~ O ~ ~
H ~ O O O O O ~ O ~ ~
I ~ ~ M ~ ~ ~ ~ ~ ~ ~
J ~ ~ ~ ~ ~ ~ ~ ~ ~ ~
Player 2, it's your turn:
> 
> F7
You hit a ship!
Press Enter and pass the move to another player
...
> 
  1 2 3 4 5 6 7 8 9 10
A ~ ~ ~ ~ ~ ~ ~ ~ ~ ~
B ~ ~ ~ ~ ~ ~ ~ ~ ~ ~
C ~ ~ ~ ~ ~ ~ ~ ~ ~ ~
D ~ ~ ~ ~ ~ ~ ~ ~ ~ ~
E ~ ~ ~ ~ ~ ~ ~ ~ ~ ~
F ~ ~ ~ ~ ~ ~ ~ ~ ~ ~
G ~ ~ ~ ~ ~ ~ ~ ~ ~ ~
H ~ ~ ~ ~ ~ ~ ~ ~ ~ ~
I ~ ~ ~ ~ ~ ~ ~ ~ ~ ~
J ~ ~ ~ ~ ~ ~ ~ ~ ~ ~
---------------------
  1 2 3 4 5 6 7 8 9 10
A X ~ ~ ~ ~ ~ ~ ~ ~ ~
B X ~ ~ ~ ~ ~ ~ ~ X ~
C X ~ ~ ~ ~ ~ ~ ~ X ~
D X ~ ~ ~ ~ ~ ~ ~ O ~
E ~ ~ ~ ~ ~ ~ ~ ~ ~ ~
F ~ ~ O X X O X ~ ~ ~
G ~ ~ ~ ~ ~ ~ ~ ~ ~ ~
H ~ ~ ~ ~ ~ ~ ~ ~ ~ ~
I ~ O ~ ~ ~ ~ ~ ~ ~ ~
J ~ O ~ ~ ~ ~ ~ O O O
Player 1, it's your turn:
> F5
You hit a ship!
Press Enter and pass the move to another player
...
> 
  1 2 3 4 5 6 7 8 9 10
A ~ ~ ~ ~ ~ ~ ~ ~ ~ ~
B ~ ~ ~ ~ ~ ~ ~ ~ ~ ~
C ~ ~ ~ ~ ~ ~ ~ ~ ~ ~
D ~ ~ ~ ~ ~ ~ ~ ~ ~ ~
E ~ ~ ~ ~ ~ ~ ~ ~ ~ ~
F ~ ~ ~ ~ ~ ~ ~ ~ ~ ~
G ~ ~ ~ ~ ~ ~ ~ ~ ~ ~
H ~ ~ ~ ~ ~ ~ ~ ~ ~ ~
I ~ ~ ~ ~ ~ ~ ~ ~ ~ ~
J ~ ~ ~ ~ ~ ~ ~ ~ ~ ~
---------------------
  1 2 3 4 5 6 7 8 9 10
A ~ ~ ~ ~ ~ ~ ~ ~ ~ ~
B ~ ~ ~ ~ ~ ~ ~ ~ ~ ~
C ~ ~ ~ ~ ~ ~ ~ X ~ ~
D ~ ~ ~ X X X ~ X M ~
E ~ ~ ~ ~ ~ ~ ~ ~ ~ ~
F ~ ~ X O X X ~ O ~ ~
G ~ ~ ~ ~ ~ ~ ~ O ~ ~
H ~ O O O O O ~ O ~ ~
I ~ ~ M ~ ~ ~ ~ ~ ~ ~
J ~ ~ ~ ~ ~ ~ ~ ~ ~ ~
Player 2, it's your turn:
> D10
You missed.
Press Enter and pass the move to another player
...
> 
  1 2 3 4 5 6 7 8 9 10
A ~ ~ ~ ~ ~ ~ ~ ~ ~ ~
B ~ ~ ~ ~ ~ ~ ~ ~ ~ ~
C ~ ~ ~ ~ ~ ~ ~ ~ ~ ~
D ~ ~ ~ ~ ~ ~ ~ ~ ~ ~
E ~ ~ ~ ~ ~ ~ ~ ~ ~ ~
F ~ ~ ~ ~ ~ ~ ~ ~ ~ ~
G ~ ~ ~ ~ ~ ~ ~ ~ ~ ~
H ~ ~ ~ ~ ~ ~ ~ ~ ~ ~
I ~ ~ ~ ~ ~ ~ ~ ~ ~ ~
J ~ ~ ~ ~ ~ ~ ~ ~ ~ ~
---------------------
  1 2 3 4 5 6 7 8 9 10
A X ~ ~ ~ ~ ~ ~ ~ ~ ~
B X ~ ~ ~ ~ ~ ~ ~ X ~
C X ~ ~ ~ ~ ~ ~ ~ X ~
D X ~ ~ ~ ~ ~ ~ ~ O M
E ~ ~ ~ ~ ~ ~ ~ ~ ~ ~
F ~ ~ O X X O X ~ ~ ~
G ~ ~ ~ ~ ~ ~ ~ ~ ~ ~
H ~ ~ ~ ~ ~ ~ ~ ~ ~ ~
I ~ O ~ ~ ~ ~ ~ ~ ~ ~
J ~ O ~ ~ ~ ~ ~ O O O
Player 1, it's your turn:
> F6
  1 2 3 4 5 6 7 8 9 10
A ~ ~ ~ ~ ~ ~ ~ ~ ~ ~
B ~ ~ ~ ~ ~ ~ ~ ~ ~ ~
C ~ ~ ~ ~ ~ ~ ~ ~ ~ ~
D ~ ~ ~ ~ ~ ~ ~ ~ ~ ~
E ~ ~ ~ ~ ~ ~ ~ ~ ~ ~
F ~ ~ ~ ~ ~ ~ ~ ~ ~ ~
G ~ ~ ~ ~ ~ ~ ~ ~ ~ ~
H ~ ~ ~ ~ ~ ~ ~ ~ ~ ~
I ~ ~ ~ ~ ~ ~ ~ ~ ~ ~
J ~ ~ ~ ~ ~ ~ ~ ~ ~ ~
---------------------
  1 2 3 4 5 6 7 8 9 10
A X ~ ~ ~ ~ ~ ~ ~ ~ ~
B X ~ ~ ~ ~ ~ ~ ~ X ~
C X ~ ~ ~ ~ ~ ~ ~ X ~
D X ~ ~ ~ ~ ~ ~ ~ O M
E ~ ~ ~ ~ ~ ~ ~ ~ ~ ~
F ~ ~ O X X O X ~ ~ ~
G ~ ~ ~ ~ ~ ~ ~ ~ ~ ~
H ~ ~ ~ ~ ~ ~ ~ ~ ~ ~
I ~ O ~ ~ ~ ~ ~ ~ ~ ~
J ~ O ~ ~ ~ ~ ~ O O O
Player 1, it's your turn:
> 
> E10
You missed.
Press Enter and pass the move to another player
...
> 
  1 2 3 4 5 6 7 8 9 10
A ~ ~ ~ ~ ~ ~ ~ ~ ~ ~
B ~ ~ ~ ~ ~ ~ ~ ~ ~ ~
C ~ ~ ~ ~ ~ ~ ~ ~ ~ ~
D ~ ~ ~ ~ ~ ~ ~ ~ ~ ~
E ~ ~ ~ ~ ~ ~ ~ ~ ~ ~
F ~ ~ ~ ~ ~ ~ ~ ~ ~ ~
G ~ ~ ~ ~ ~ ~ ~ ~ ~ ~
H ~ ~ ~ ~ ~ ~ ~ ~ ~ ~
I ~ ~ ~ ~ ~ ~ ~ ~ ~ ~
J ~ ~ ~ ~ ~ ~ ~ ~ ~ ~
---------------------
  1 2 3 4 5 6 7 8 9 10
A ~ ~ ~ ~ ~ ~ ~ ~ ~ ~
B ~ ~ ~ ~ ~ ~ ~ ~ ~ ~
C ~ ~ ~ ~ ~ ~ ~ X ~ ~
D ~ ~ ~ X X X ~ X M ~
E ~ ~ ~ ~ ~ ~ ~ ~ ~ M
F ~ ~ X O X X ~ O ~ ~
G ~ ~ ~ ~ ~ ~ ~ O ~ ~
H ~ O O O O O ~ O ~ ~
I ~ ~ M ~ ~ ~ ~ ~ ~ ~
J ~ ~ ~ ~ ~ ~ ~ ~ ~ ~
Player 2, it's your turn:
> F7
  1 2 3 4 5 6 7 8 9 10
A ~ ~ ~ ~ ~ ~ ~ ~ ~ ~
B ~ ~ ~ ~ ~ ~ ~ ~ ~ ~
C ~ ~ ~ ~ ~ ~ ~ ~ ~ ~
D ~ ~ ~ ~ ~ ~ ~ ~ ~ ~
E ~ ~ ~ ~ ~ ~ ~ ~ ~ ~
F ~ ~ ~ ~ ~ ~ ~ ~ ~ ~
G ~ ~ ~ ~ ~ ~ ~ ~ ~ ~
H ~ ~ ~ ~ ~ ~ ~ ~ ~ ~
I ~ ~ ~ ~ ~ ~ ~ ~ ~ ~
J ~ ~ ~ ~ ~ ~ ~ ~ ~ ~
---------------------
  1 2 3 4 5 6 7 8 9 10
A ~ ~ ~ ~ ~ ~ ~ ~ ~ ~
B ~ ~ ~ ~ ~ ~ ~ ~ ~ ~
C ~ ~ ~ ~ ~ ~ ~ X ~ ~
D ~ ~ ~ X X X ~ X M ~
E ~ ~ ~ ~ ~ ~ ~ ~ ~ M
F ~ ~ X O X X ~ O ~ ~
G ~ ~ ~ ~ ~ ~ ~ O ~ ~
H ~ O O O O O ~ O ~ ~
I ~ ~ M ~ ~ ~ ~ ~ ~ ~
J ~ ~ ~ ~ ~ ~ ~ ~ ~ ~
Player 2, it's your turn:
> 
> F10
You missed.
Press Enter and pass the move to another player
...
> 
  1 2 3 4 5 6 7 8 9 10
A ~ ~ ~ ~ ~ ~ ~ ~ ~ ~
B ~ ~ ~ ~ ~ ~ ~ ~ ~ ~
C ~ ~ ~ ~ ~ ~ ~ ~ ~ ~
D ~ ~ ~ ~ ~ ~ ~ ~ ~ ~
E ~ ~ ~ ~ ~ ~ ~ ~ ~ ~
F ~ ~ ~ ~ ~ ~ ~ ~ ~ ~
G ~ ~ ~ ~ ~ ~ ~ ~ ~ ~
H ~ ~ ~ ~ ~ ~ ~ ~ ~ ~
I ~ ~ ~ ~ ~ ~ ~ ~ ~ ~
J ~ ~ ~ ~ ~ ~ ~ ~ ~ ~
---------------------
  1 2 3 4 5 6 7 8 9 10
A X ~ ~ ~ ~ ~ ~ ~ ~ ~
B X ~ ~ ~ ~ ~ ~ ~ X ~
C X ~ ~ ~ ~ ~ ~ ~ X ~
D X ~ ~ ~ ~ ~ ~ ~ O M
E ~ ~ ~ ~ ~ ~ ~ ~ ~ ~
F ~ ~ O X X O X ~ ~ M
G ~ ~ ~ ~ ~ ~ ~ ~ ~ ~
H ~ ~ ~ ~ ~ ~ ~ ~ ~ ~
I ~ O ~ ~ ~ ~ ~ ~ ~ ~
J ~ O ~ ~ ~ ~ ~ O O O
Player 1, it's your turn:
> I2
You missed.
Press Enter and pass the move to another player
...
> 
  1 2 3 4 5 6 7 8 9 10
A ~ ~ ~ ~ ~ ~ ~ ~ ~ ~
B ~ ~ ~ ~ ~ ~ ~ ~ ~ ~
C ~ ~ ~ ~ ~ ~ ~ ~ ~ ~
D ~ ~ ~ ~ ~ ~ ~ ~ ~ ~
E ~ ~ ~ ~ ~ ~ ~ ~ ~ ~
F ~ ~ ~ ~ ~ ~ ~ ~ ~ ~
G ~ ~ ~ ~ ~ ~ ~ ~ ~ ~
H ~ ~ ~ ~ ~ ~ ~ ~ ~ ~
I ~ ~ ~ ~ ~ ~ ~ ~ ~ ~
J ~ ~ ~ ~ ~ ~ ~ ~ ~ ~
---------------------
  1 2 3 4 5 6 7 8 9 10
A ~ ~ ~ ~ ~ ~ ~ ~ ~ ~
B ~ ~ ~ ~ ~ ~ ~ ~ ~ ~
C ~ ~ ~ ~ ~ ~ ~ X ~ ~
D ~ ~ ~ X X X ~ X M ~
E ~ ~ ~ ~ ~ ~ ~ ~ ~ M
F ~ ~ X O X X ~ O ~ ~
G ~ ~ ~ ~ ~ ~ ~ O ~ ~
H ~ O O O O O ~ O ~ ~
I ~ M M ~ ~ ~ ~ ~ ~ ~
J ~ ~ ~ ~ ~ ~ ~ ~ ~ ~
Player 2, it's your turn:
> G10
You missed.
Press Enter and pass the move to another player
...
> 
  1 2 3 4 5 6 7 8 9 10
A ~ ~ ~ ~ ~ ~ ~ ~ ~ ~
B ~ ~ ~ ~ ~ ~ ~ ~ ~ ~
C ~ ~ ~ ~ ~ ~ ~ ~ ~ ~
D ~ ~ ~ ~ ~ ~ ~ ~ ~ ~
E ~ ~ ~ ~ ~ ~ ~ ~ ~ ~
F ~ ~ ~ ~ ~ ~ ~ ~ ~ ~
G ~ ~ ~ ~ ~ ~ ~ ~ ~ ~
H ~ ~ ~ ~ ~ ~ ~ ~ ~ ~
I ~ ~ ~ ~ ~ ~ ~ ~ ~ ~
J ~ ~ ~ ~ ~ ~ ~ ~ ~ ~
---------------------
  1 2 3 4 5 6 7 8 9 10
A X ~ ~ ~ ~ ~ ~ ~ ~ ~
B X ~ ~ ~ ~ ~ ~ ~ X ~
C X ~ ~ ~ ~ ~ ~ ~ X ~
D X ~ ~ ~ ~ ~ ~ ~ O M
E ~ ~ ~ ~ ~ ~ ~ ~ ~ ~
F ~ ~ O X X O X ~ ~ M
G ~ ~ ~ ~ ~ ~ ~ ~ ~ M
H ~ ~ ~ ~ ~ ~ ~ ~ ~ ~
I ~ O ~ ~ ~ ~ ~ ~ ~ ~
J ~ O ~ ~ ~ ~ ~ O O O
Player 1, it's your turn:
> J2
You missed.
Press Enter and pass the move to another player
...
> 
  1 2 3 4 5 6 7 8 9 10
A ~ ~ ~ ~ ~ ~ ~ ~ ~ ~
B ~ ~ ~ ~ ~ ~ ~ ~ ~ ~
C ~ ~ ~ ~ ~ ~ ~ ~ ~ ~
D ~ ~ ~ ~ ~ ~ ~ ~ ~ ~
E ~ ~ ~ ~ ~ ~ ~ ~ ~ ~
F ~ ~ ~ ~ ~ ~ ~ ~ ~ ~
G ~ ~ ~ ~ ~ ~ ~ ~ ~ ~
H ~ ~ ~ ~ ~ ~ ~ ~ ~ ~
I ~ ~ ~ ~ ~ ~ ~ ~ ~ ~
J ~ ~ ~ ~ ~ ~ ~ ~ ~ ~
---------------------
  1 2 3 4 5 6 7 8 9 10
A ~ ~ ~ ~ ~ ~ ~ ~ ~ ~
B ~ ~ ~ ~ ~ ~ ~ ~ ~ ~
C ~ ~ ~ ~ ~ ~ ~ X ~ ~
D ~ ~ ~ X X X ~ X M ~
E ~ ~ ~ ~ ~ ~ ~ ~ ~ M
F ~ ~ X O X X ~ O ~ ~
G ~ ~ ~ ~ ~ ~ ~ O ~ ~
H ~ O O O O O ~ O ~ ~
I ~ M M ~ ~ ~ ~ ~ ~ ~
J ~ M ~ ~ ~ ~ ~ ~ ~ ~
Player 2, it's your turn:
> J1
You missed.
Press Enter and pass the move to another player
...
> 
  1 2 3 4 5 6 7 8 9 10
A ~ ~ ~ ~ ~ ~ ~ ~ ~ ~
B ~ ~ ~ ~ ~ ~ ~ ~ ~ ~
C ~ ~ ~ ~ ~ ~ ~ ~ ~ ~
D ~ ~ ~ ~ ~ ~ ~ ~ ~ ~
E ~ ~ ~ ~ ~ ~ ~ ~ ~ ~
F ~ ~ ~ ~ ~ ~ ~ ~ ~ ~
G ~ ~ ~ ~ ~ ~ ~ ~ ~ ~
H ~ ~ ~ ~ ~ ~ ~ ~ ~ ~
I ~ ~ ~ ~ ~ ~ ~ ~ ~ ~
J ~ ~ ~ ~ ~ ~ ~ ~ ~ ~
---------------------
  1 2 3 4 5 6 7 8 9 10
A X ~ ~ ~ ~ ~ ~ ~ ~ ~
B X ~ ~ ~ ~ ~ ~ ~ X ~
C X ~ ~ ~ ~ ~ ~ ~ X ~
D X ~ ~ ~ ~ ~ ~ ~ O M
E ~ ~ ~ ~ ~ ~ ~ ~ ~ ~
F ~ ~ O X X O X ~ ~ M
G ~ ~ ~ ~ ~ ~ ~ ~ ~ M
H ~ ~ ~ ~ ~ ~ ~ ~ ~ ~
I ~ O ~ ~ ~ ~ ~ ~ ~ ~
J M O ~ ~ ~ ~ ~ O O O
Player 1, it's your turn:
> J8
You missed.
Press Enter and pass the move to another player
...
> 
  1 2 3 4 5 6 7 8 9 10
A ~ ~ ~ ~ ~ ~ ~ ~ ~ ~
B ~ ~ ~ ~ ~ ~ ~ ~ ~ ~
C ~ ~ ~ ~ ~ ~ ~ ~ ~ ~
D ~ ~ ~ ~ ~ ~ ~ ~ ~ ~
E ~ ~ ~ ~ ~ ~ ~ ~ ~ ~
F ~ ~ ~ ~ ~ ~ ~ ~ ~ ~
G ~ ~ ~ ~ ~ ~ ~ ~ ~ ~
H ~ ~ ~ ~ ~ ~ ~ ~ ~ ~
I ~ ~ ~ ~ ~ ~ ~ ~ ~ ~
J ~ ~ ~ ~ ~ ~ ~ ~ ~ ~
---------------------
  1 2 3 4 5 6 7 8 9 10
A ~ ~ ~ ~ ~ ~ ~ ~ ~ ~
B ~ ~ ~ ~ ~ ~ ~ ~ ~ ~
C ~ ~ ~ ~ ~ ~ ~ X ~ ~
D ~ ~ ~ X X X ~ X M ~
E ~ ~ ~ ~ ~ ~ ~ ~ ~ M
F ~ ~ X O X X ~ O ~ ~
G ~ ~ ~ ~ ~ ~ ~ O ~ ~
H ~ O O O O O ~ O ~ ~
I ~ M M ~ ~ ~ ~ ~ ~ ~
J ~ M ~ ~ ~ ~ ~ M ~ ~
Player 2, it's your turn:
> J2
You hit a ship!
Press Enter and pass the move to another player
...
> 
  1 2 3 4 5 6 7 8 9 10
A ~ ~ ~ ~ ~ ~ ~ ~ ~ ~
B ~ ~ ~ ~ ~ ~ ~ ~ ~ ~
C ~ ~ ~ ~ ~ ~ ~ ~ ~ ~
D ~ ~ ~ ~ ~ ~ ~ ~ ~ ~
E ~ ~ ~ ~ ~ ~ ~ ~ ~ ~
F ~ ~ ~ ~ ~ ~ ~ ~ ~ ~
G ~ ~ ~ ~ ~ ~ ~ ~ ~ ~
H ~ ~ ~ ~ ~ ~ ~ ~ ~ ~
I ~ ~ ~ ~ ~ ~ ~ ~ ~ ~
J ~ ~ ~ ~ ~ ~ ~ ~ ~ ~
---------------------
  1 2 3 4 5 6 7 8 9 10
A X ~ ~ ~ ~ ~ ~ ~ ~ ~
B X ~ ~ ~ ~ ~ ~ ~ X ~
C X ~ ~ ~ ~ ~ ~ ~ X ~
D X ~ ~ ~ ~ ~ ~ ~ O M
E ~ ~ ~ ~ ~ ~ ~ ~ ~ ~
F ~ ~ O X X O X ~ ~ M
G ~ ~ ~ ~ ~ ~ ~ ~ ~ M
H ~ ~ ~ ~ ~ ~ ~ ~ ~ ~
I ~ O ~ ~ ~ ~ ~ ~ ~ ~
J M X ~ ~ ~ ~ ~ O O O
Player 1, it's your turn:
> J9
You missed.
Press Enter and pass the move to another player
...
> 
  1 2 3 4 5 6 7 8 9 10
A ~ ~ ~ ~ ~ ~ ~ ~ ~ ~
B ~ ~ ~ ~ ~ ~ ~ ~ ~ ~
C ~ ~ ~ ~ ~ ~ ~ ~ ~ ~
D ~ ~ ~ ~ ~ ~ ~ ~ ~ ~
E ~ ~ ~ ~ ~ ~ ~ ~ ~ ~
F ~ ~ ~ ~ ~ ~ ~ ~ ~ ~
G ~ ~ ~ ~ ~ ~ ~ ~ ~ ~
H ~ ~ ~ ~ ~ ~ ~ ~ ~ ~
I ~ ~ ~ ~ ~ ~ ~ ~ ~ ~
J ~ ~ ~ ~ ~ ~ ~ ~ ~ ~
---------------------
  1 2 3 4 5 6 7 8 9 10
A ~ ~ ~ ~ ~ ~ ~ ~ ~ ~
B ~ ~ ~ ~ ~ ~ ~ ~ ~ ~
C ~ ~ ~ ~ ~ ~ ~ X ~ ~
D ~ ~ ~ X X X ~ X M ~
E ~ ~ ~ ~ ~ ~ ~ ~ ~ M
F ~ ~ X O X X ~ O ~ ~
G ~ ~ ~ ~ ~ ~ ~ O ~ ~
H ~ O O O O O ~ O ~ ~
I ~ M M ~ ~ ~ ~ ~ ~ ~
J ~ M ~ ~ ~ ~ ~ M M ~
Player 2, it's your turn:
> J3
You missed.
Press Enter and pass the move to another player
...
> 
  1 2 3 4 5 6 7 8 9 10
A ~ ~ ~ ~ ~ ~ ~ ~ ~ ~
B ~ ~ ~ ~ ~ ~ ~ ~ ~ ~
C ~ ~ ~ ~ ~ ~ ~ ~ ~ ~
D ~ ~ ~ ~ ~ ~ ~ ~ ~ ~
E ~ ~ ~ ~ ~ ~ ~ ~ ~ ~
F ~ ~ ~ ~ ~ ~ ~ ~ ~ ~
G ~ ~ ~ ~ ~ ~ ~ ~ ~ ~
H ~ ~ ~ ~ ~ ~ ~ ~ ~ ~
I ~ ~ ~ ~ ~ ~ ~ ~ ~ ~
J ~ ~ ~ ~ ~ ~ ~ ~ ~ ~
---------------------
  1 2 3 4 5 6 7 8 9 10
A X ~ ~ ~ ~ ~ ~ ~ ~ ~
B X ~ ~ ~ ~ ~ ~ ~ X ~
C X ~ ~ ~ ~ ~ ~ ~ X ~
D X ~ ~ ~ ~ ~ ~ ~ O M
E ~ ~ ~ ~ ~ ~ ~ ~ ~ ~
F ~ ~ O X X O X ~ ~ M
G ~ ~ ~ ~ ~ ~ ~ ~ ~ M
H ~ ~ ~ ~ ~ ~ ~ ~ ~ ~
I ~ O ~ ~ ~ ~ ~ ~ ~ ~
J M X M ~ ~ ~ ~ O O O
Player 1, it's your turn:
> J10
You missed.
You sank the last ship. You won. Congratulations!
Press Enter and pass the move to another player
...
]]></system-out>
  <system-err><![CDATA[]]></system-err>
</testsuite>
